{"/Users/pradana/Documents/Project/RetzdTech/libraries/@astrophel-states/lib/GlobalStates/index.js": {"path":"/Users/pradana/Documents/Project/RetzdTech/libraries/@astrophel-states/lib/GlobalStates/index.js","statementMap":{"0":{"start":{"line":5,"column":21},"end":{"line":18,"column":1}},"1":{"start":{"line":6,"column":20},"end":{"line":9,"column":4}},"2":{"start":{"line":11,"column":40},"end":{"line":11,"column":65}},"3":{"start":{"line":12,"column":19},"end":{"line":12,"column":64}},"4":{"start":{"line":14,"column":2},"end":{"line":17,"column":4}}},"fnMap":{"0":{"name":"(anonymous_0)","decl":{"start":{"line":5,"column":21},"end":{"line":5,"column":22}},"loc":{"start":{"line":5,"column":50},"end":{"line":18,"column":1}},"line":5}},"branchMap":{},"s":{"0":1,"1":1,"2":1,"3":1,"4":1},"f":{"0":1},"b":{},"_coverageSchema":"1a1c01bbd47fc00a2c39e90264f33305004495a9","hash":"b9c4ead21f0478fbd564e21187d150348ea7bc6f"}
,"/Users/pradana/Documents/Project/RetzdTech/libraries/@astrophel-states/lib/Utils/StringUtils.js": {"path":"/Users/pradana/Documents/Project/RetzdTech/libraries/@astrophel-states/lib/Utils/StringUtils.js","statementMap":{"0":{"start":{"line":1,"column":23},"end":{"line":6,"column":1}},"1":{"start":{"line":2,"column":20},"end":{"line":2,"column":48}},"2":{"start":{"line":3,"column":23},"end":{"line":3,"column":36}},"3":{"start":{"line":4,"column":26},"end":{"line":4,"column":50}},"4":{"start":{"line":5,"column":2},"end":{"line":5,"column":25}}},"fnMap":{"0":{"name":"(anonymous_0)","decl":{"start":{"line":1,"column":23},"end":{"line":1,"column":24}},"loc":{"start":{"line":1,"column":33},"end":{"line":6,"column":1}},"line":1}},"branchMap":{},"s":{"0":1,"1":1,"2":1,"3":1,"4":1},"f":{"0":1},"b":{},"_coverageSchema":"1a1c01bbd47fc00a2c39e90264f33305004495a9","hash":"fdff52389d69742cbc8966ac2dabd5ff7d44a970"}
,"/Users/pradana/Documents/Project/RetzdTech/libraries/@astrophel-states/lib/Utils/index.js": {"path":"/Users/pradana/Documents/Project/RetzdTech/libraries/@astrophel-states/lib/Utils/index.js","statementMap":{"0":{"start":{"line":1,"column":20},"end":{"line":1,"column":44}}},"fnMap":{},"branchMap":{},"s":{"0":1},"f":{},"b":{},"_coverageSchema":"1a1c01bbd47fc00a2c39e90264f33305004495a9","hash":"c7f7378189162f4dfc3e26d3de8aed5f7fd3db1e"}
}
